<?xml version="1.0" encoding="UTF-8"?>
<testng-results skipped="0" failed="0" total="1" passed="1">
  <reporter-output>
  </reporter-output>
  <suite name="Default suite" duration-ms="61618" started-at="2019-07-19T05:08:38Z" finished-at="2019-07-19T05:09:39Z">
    <groups>
    </groups>
    <test name="Default test" duration-ms="61618" started-at="2019-07-19T05:08:38Z" finished-at="2019-07-19T05:09:39Z">
      <class name="GitTest.GitTest">
        <test-method status="PASS" signature="bing()[pri:0, instance:GitTest.GitTest@523884b2]" name="bing" duration-ms="61559" started-at="2019-07-19T10:38:38Z" finished-at="2019-07-19T10:39:39Z">
          <reporter-output>
          </reporter-output>
        </test-method> <!-- bing -->
      </class> <!-- GitTest.GitTest -->
    </test> <!-- Default test -->
  </suite> <!-- Default suite -->
</testng-results>
